2023-11-16 19:15:51,970 - DEBUG - Starting new HTTP connection (1): 127.0.0.1:9222
2023-11-16 19:15:51,997 - DEBUG - http://127.0.0.1:9222 "GET /json HTTP/1.1" 200 477
2023-11-16 19:15:52,000 - DEBUG - Starting new HTTP connection (1): 127.0.0.1:9222
2023-11-16 19:15:52,001 - DEBUG - http://127.0.0.1:9222 "GET /json HTTP/1.1" 200 477
2023-11-16 19:15:52,008 - DEBUG - http://127.0.0.1:9222 "GET /json/version HTTP/1.1" 200 422
2023-11-16 19:15:54,905 - DEBUG - Starting new HTTPS connection (1): api.github.com:443
2023-11-16 19:15:56,075 - DEBUG - https://api.github.com:443 "GET /repos/jackfrued/Python-100-Days/contents HTTP/1.1" 200 1590
2023-11-16 19:16:00,163 - DEBUG - Starting new HTTPS connection (1): api.github.com:443
2023-11-16 19:16:01,341 - DEBUG - https://api.github.com:443 "GET /repos/jackfrued/Python-100-Days/contents/Day01-15?ref=master HTTP/1.1" 200 None
2023-11-16 19:16:03,563 - DEBUG - Starting new HTTPS connection (1): api.github.com:443
2023-11-16 19:16:04,717 - DEBUG - https://api.github.com:443 "GET /repos/jackfrued/Python-100-Days/contents/Day01-15/01.%E5%88%9D%E8%AF%86Python.md?ref=master HTTP/1.1" 200 None
2023-11-16 19:16:08,200 - DEBUG - Starting new HTTPS connection (1): raw.githubusercontent.com:443
2023-11-16 19:16:09,427 - DEBUG - https://raw.githubusercontent.com:443 "GET /jackfrued/Python-100-Days/master/Day01-15/01.%E5%88%9D%E8%AF%86Python.md HTTP/1.1" 200 5791
2023-11-16 19:16:15,316 - DEBUG - Starting new HTTPS connection (1): raw.githubusercontent.com:443
2023-11-16 19:16:16,264 - DEBUG - https://raw.githubusercontent.com:443 "GET /jackfrued/Python-100-Days/master/Day01-15/res/python-idle.png HTTP/1.1" 200 61561
2023-11-16 19:16:17,357 - INFO - 下载图片信息成功
2023-11-16 19:16:42,525 - DEBUG - Starting new HTTPS connection (1): raw.githubusercontent.com:443
2023-11-16 19:16:43,513 - DEBUG - https://raw.githubusercontent.com:443 "GET /jackfrued/Python-100-Days/master/Day01-15/res/python-idle.png HTTP/1.1" 200 61561
2023-11-16 19:16:44,849 - INFO - 图片下载success
2023-11-16 19:17:04,948 - DEBUG - Starting new HTTPS connection (1): raw.githubusercontent.com:443
2023-11-16 19:17:06,196 - DEBUG - https://raw.githubusercontent.com:443 "GET /jackfrued/Python-100-Days/master/Day01-15/res/python-ipython.png HTTP/1.1" 200 144666
2023-11-16 19:17:07,962 - INFO - 下载图片信息成功
2023-11-16 19:17:24,783 - DEBUG - Starting new HTTPS connection (1): raw.githubusercontent.com:443
2023-11-16 19:17:25,987 - DEBUG - https://raw.githubusercontent.com:443 "GET /jackfrued/Python-100-Days/master/Day01-15/res/python-ipython.png HTTP/1.1" 200 144666
2023-11-16 19:17:27,074 - INFO - 图片下载success
2023-11-16 19:17:43,640 - DEBUG - Starting new HTTPS connection (1): raw.githubusercontent.com:443
2023-11-16 19:17:44,836 - DEBUG - https://raw.githubusercontent.com:443 "GET /jackfrued/Python-100-Days/master/Day01-15/res/python-sublime.png HTTP/1.1" 200 76135
2023-11-16 19:17:46,220 - INFO - 下载图片信息成功
2023-11-16 19:18:25,079 - DEBUG - Starting new HTTPS connection (1): raw.githubusercontent.com:443
2023-11-16 19:18:26,102 - DEBUG - https://raw.githubusercontent.com:443 "GET /jackfrued/Python-100-Days/master/Day01-15/res/python-sublime.png HTTP/1.1" 200 76135
2023-11-16 19:18:27,171 - INFO - 图片下载success
